<?xml version="1.0" encoding="UTF-8"?>
<!-- Generated by org.testng.reporters.JUnitReportReporter -->
<testsuite skipped="0" hostname="KIRURAJA-2PQNS" name="TestCasesScripts.NavigateToFlipkart" tests="1" failures="0" timestamp="23 Mar 2021 10:13:58 GMT" time="7.350" errors="0">
  <testcase name="navigateToFlipkart" time="7.350" classname="TestCasesScripts.NavigateToFlipkart"/>
</testsuite> <!-- TestCasesScripts.NavigateToFlipkart -->
