<?xml version="1.0" encoding="UTF-8"?>
<!-- Generated by org.testng.reporters.JUnitReportReporter -->
<testsuite skipped="0" hostname="KIRURAJA-2PQNS" name="TestCasesScripts.HasDealsOfTheDay" tests="1" failures="0" timestamp="23 Mar 2021 10:13:58 GMT" time="8.354" errors="0">
  <testcase name="hasDealsOfTheDay" time="8.354" classname="TestCasesScripts.HasDealsOfTheDay"/>
</testsuite> <!-- TestCasesScripts.HasDealsOfTheDay -->
